<?xml version="1.0" encoding="UTF-8"?>
<testsuite name="CommandsUnitTest" tests="7" skipped="0" failures="0" errors="0" timestamp="2022-04-04T12:28:52" hostname="DESKTOP-JL5VDRM" time="0.093">
  <properties/>
  <testcase name="commandsMistakesTest()" classname="CommandsUnitTest" time="0.043"/>
  <testcase name="defineTest()" classname="CommandsUnitTest" time="0.004"/>
  <testcase name="saveFileTest()" classname="CommandsUnitTest" time="0.009"/>
  <testcase name="wrongLoadFileTest()" classname="CommandsUnitTest" time="0.016"/>
  <testcase name="loadFileTest()" classname="CommandsUnitTest" time="0.004"/>
  <testcase name="commentsTest()" classname="CommandsUnitTest" time="0.005"/>
  <testcase name="loadFileMistakesTest()" classname="CommandsUnitTest" time="0.006"/>
  <system-out><![CDATA[04-04-2022 19:28:52  INFO [Test worker] (CommandFabric.java:48) - 'PUSH' CLASS WAS UPLOADED
04-04-2022 19:28:52  INFO [Test worker] (CommandFabric.java:48) - '/' CLASS WAS UPLOADED
04-04-2022 19:28:52 ERROR [Test worker] (Calculator.java:170) - WRONG LOGIC OF YOU COMMANDS
04-04-2022 19:28:52  INFO [Test worker] (Calculator.java:31) - NO ELEMENT WITH NAME 'A'
04-04-2022 19:28:52  INFO [Test worker] (CommandFabric.java:31) - NO SUCH COMMAND
04-04-2022 19:28:52  INFO [Test worker] (CommandFabric.java:48) - '+' CLASS WAS UPLOADED
04-04-2022 19:28:52  INFO [Test worker] (CommandsUnitTest.java:36) - TEST: commandsMistakesTest - COMPLETED
04-04-2022 19:28:52  INFO [Test worker] (CommandFabric.java:48) - 'PUSH' CLASS WAS UPLOADED
04-04-2022 19:28:52  INFO [Test worker] (CommandFabric.java:48) - 'DEFINE' CLASS WAS UPLOADED
04-04-2022 19:28:52  INFO [Test worker] (CommandFabric.java:48) - '-' CLASS WAS UPLOADED
04-04-2022 19:28:52  INFO [Test worker] (CommandFabric.java:48) - '/' CLASS WAS UPLOADED
04-04-2022 19:28:52  INFO [Test worker] (CommandsUnitTest.java:27) - TEST: defineTest - COMPLETED
04-04-2022 19:28:52  INFO [Test worker] (CommandFabric.java:48) - 'LOAD' CLASS WAS UPLOADED
src\test\resources\loadableFile2.txt
04-04-2022 19:28:52  INFO [Test worker] (CommandFabric.java:48) - '/' CLASS WAS UPLOADED
04-04-2022 19:28:52  INFO [Test worker] (CommandFabric.java:48) - '+' CLASS WAS UPLOADED
04-04-2022 19:28:52  INFO [Test worker] (CommandFabric.java:48) - 'PUSH' CLASS WAS UPLOADED
04-04-2022 19:28:52  INFO [Test worker] (CommandFabric.java:48) - 'SAVE' CLASS WAS UPLOADED
src\test\resources\savedFile.txt
04-04-2022 19:28:52  INFO [Test worker] (CommandFabric.java:48) - 'AVG' CLASS WAS UPLOADED
04-04-2022 19:28:52  INFO [Test worker] (CommandsUnitTest.java:72) - TEST: saveFileTest - COMPLETED
04-04-2022 19:28:52  INFO [Test worker] (CommandFabric.java:48) - 'PUSH' CLASS WAS UPLOADED
04-04-2022 19:28:52  INFO [Test worker] (CommandFabric.java:48) - 'LOAD' CLASS WAS UPLOADED
src\test\resources\loadableFile3.txt
04-04-2022 19:28:52 ERROR [Test worker] (Calculator.java:93) - NO SUCH FILE
java.io.FileNotFoundException: src\test\resources\loadableFile3.txt (Не удается найти указанный файл)
	at java.base/java.io.FileInputStream.open0(Native Method)
	at java.base/java.io.FileInputStream.open(FileInputStream.java:211)
	at java.base/java.io.FileInputStream.<init>(FileInputStream.java:153)
	at java.base/java.io.FileInputStream.<init>(FileInputStream.java:108)
	at java.base/java.io.FileReader.<init>(FileReader.java:60)
	at ru.nsu.stackcalculator.Calculator.load(Calculator.java:90)
	at ru.nsu.commands.LoadCommand.doCommand(LoadCommand.java:24)
	at ru.nsu.fabric.CommandFabric.parseCommand(CommandFabric.java:39)
	at ru.nsu.commandlistener.CommandListener.parseLines(CommandListener.java:72)
	at ru.nsu.commandlistener.CommandListener.fileScan(CommandListener.java:36)
	at CommandsUnitTest.wrongLoadFileTest(CommandsUnitTest.java:61)
	at java.base/jdk.internal.reflect.NativeMethodAccessorImpl.invoke0(Native Method)
	at java.base/jdk.internal.reflect.NativeMethodAccessorImpl.invoke(NativeMethodAccessorImpl.java:78)
	at java.base/jdk.internal.reflect.DelegatingMethodAccessorImpl.invoke(DelegatingMethodAccessorImpl.java:43)
	at java.base/java.lang.reflect.Method.invoke(Method.java:567)
	at org.junit.platform.commons.util.ReflectionUtils.invokeMethod(ReflectionUtils.java:725)
	at org.junit.jupiter.engine.execution.MethodInvocation.proceed(MethodInvocation.java:60)
	at org.junit.jupiter.engine.execution.InvocationInterceptorChain$ValidatingInvocation.proceed(InvocationInterceptorChain.java:131)
	at org.junit.jupiter.engine.extension.TimeoutExtension.intercept(TimeoutExtension.java:149)
	at org.junit.jupiter.engine.extension.TimeoutExtension.interceptTestableMethod(TimeoutExtension.java:140)
	at org.junit.jupiter.engine.extension.TimeoutExtension.interceptTestMethod(TimeoutExtension.java:84)
	at org.junit.jupiter.engine.execution.ExecutableInvoker$ReflectiveInterceptorCall.lambda$ofVoidMethod$0(ExecutableInvoker.java:115)
	at org.junit.jupiter.engine.execution.ExecutableInvoker.lambda$invoke$0(ExecutableInvoker.java:105)
	at org.junit.jupiter.engine.execution.InvocationInterceptorChain$InterceptedInvocation.proceed(InvocationInterceptorChain.java:106)
	at org.junit.jupiter.engine.execution.InvocationInterceptorChain.proceed(InvocationInterceptorChain.java:64)
	at org.junit.jupiter.engine.execution.InvocationInterceptorChain.chainAndInvoke(InvocationInterceptorChain.java:45)
	at org.junit.jupiter.engine.execution.InvocationInterceptorChain.invoke(InvocationInterceptorChain.java:37)
	at org.junit.jupiter.engine.execution.ExecutableInvoker.invoke(ExecutableInvoker.java:104)
	at org.junit.jupiter.engine.execution.ExecutableInvoker.invoke(ExecutableInvoker.java:98)
	at org.junit.jupiter.engine.descriptor.TestMethodTestDescriptor.lambda$invokeTestMethod$7(TestMethodTestDescriptor.java:214)
	at org.junit.platform.engine.support.hierarchical.ThrowableCollector.execute(ThrowableCollector.java:73)
	at org.junit.jupiter.engine.descriptor.TestMethodTestDescriptor.invokeTestMethod(TestMethodTestDescriptor.java:210)
	at org.junit.jupiter.engine.descriptor.TestMethodTestDescriptor.execute(TestMethodTestDescriptor.java:135)
	at org.junit.jupiter.engine.descriptor.TestMethodTestDescriptor.execute(TestMethodTestDescriptor.java:66)
	at org.junit.platform.engine.support.hierarchical.NodeTestTask.lambda$executeRecursively$6(NodeTestTask.java:151)
	at org.junit.platform.engine.support.hierarchical.ThrowableCollector.execute(ThrowableCollector.java:73)
	at org.junit.platform.engine.support.hierarchical.NodeTestTask.lambda$executeRecursively$8(NodeTestTask.java:141)
	at org.junit.platform.engine.support.hierarchical.Node.around(Node.java:137)
	at org.junit.platform.engine.support.hierarchical.NodeTestTask.lambda$executeRecursively$9(NodeTestTask.java:139)
	at org.junit.platform.engine.support.hierarchical.ThrowableCollector.execute(ThrowableCollector.java:73)
	at org.junit.platform.engine.support.hierarchical.NodeTestTask.executeRecursively(NodeTestTask.java:138)
	at org.junit.platform.engine.support.hierarchical.NodeTestTask.execute(NodeTestTask.java:95)
	at java.base/java.util.ArrayList.forEach(ArrayList.java:1511)
	at org.junit.platform.engine.support.hierarchical.SameThreadHierarchicalTestExecutorService.invokeAll(SameThreadHierarchicalTestExecutorService.java:41)
	at org.junit.platform.engine.support.hierarchical.NodeTestTask.lambda$executeRecursively$6(NodeTestTask.java:155)
	at org.junit.platform.engine.support.hierarchical.ThrowableCollector.execute(ThrowableCollector.java:73)
	at org.junit.platform.engine.support.hierarchical.NodeTestTask.lambda$executeRecursively$8(NodeTestTask.java:141)
	at org.junit.platform.engine.support.hierarchical.Node.around(Node.java:137)
	at org.junit.platform.engine.support.hierarchical.NodeTestTask.lambda$executeRecursively$9(NodeTestTask.java:139)
	at org.junit.platform.engine.support.hierarchical.ThrowableCollector.execute(ThrowableCollector.java:73)
	at org.junit.platform.engine.support.hierarchical.NodeTestTask.executeRecursively(NodeTestTask.java:138)
	at org.junit.platform.engine.support.hierarchical.NodeTestTask.execute(NodeTestTask.java:95)
	at java.base/java.util.ArrayList.forEach(ArrayList.java:1511)
	at org.junit.platform.engine.support.hierarchical.SameThreadHierarchicalTestExecutorService.invokeAll(SameThreadHierarchicalTestExecutorService.java:41)
	at org.junit.platform.engine.support.hierarchical.NodeTestTask.lambda$executeRecursively$6(NodeTestTask.java:155)
	at org.junit.platform.engine.support.hierarchical.ThrowableCollector.execute(ThrowableCollector.java:73)
	at org.junit.platform.engine.support.hierarchical.NodeTestTask.lambda$executeRecursively$8(NodeTestTask.java:141)
	at org.junit.platform.engine.support.hierarchical.Node.around(Node.java:137)
	at org.junit.platform.engine.support.hierarchical.NodeTestTask.lambda$executeRecursively$9(NodeTestTask.java:139)
	at org.junit.platform.engine.support.hierarchical.ThrowableCollector.execute(ThrowableCollector.java:73)
	at org.junit.platform.engine.support.hierarchical.NodeTestTask.executeRecursively(NodeTestTask.java:138)
	at org.junit.platform.engine.support.hierarchical.NodeTestTask.execute(NodeTestTask.java:95)
	at org.junit.platform.engine.support.hierarchical.SameThreadHierarchicalTestExecutorService.submit(SameThreadHierarchicalTestExecutorService.java:35)
	at org.junit.platform.engine.support.hierarchical.HierarchicalTestExecutor.execute(HierarchicalTestExecutor.java:57)
	at org.junit.platform.engine.support.hierarchical.HierarchicalTestEngine.execute(HierarchicalTestEngine.java:54)
	at org.junit.platform.launcher.core.EngineExecutionOrchestrator.execute(EngineExecutionOrchestrator.java:108)
	at org.junit.platform.launcher.core.EngineExecutionOrchestrator.execute(EngineExecutionOrchestrator.java:88)
	at org.junit.platform.launcher.core.EngineExecutionOrchestrator.lambda$execute$0(EngineExecutionOrchestrator.java:54)
	at org.junit.platform.launcher.core.EngineExecutionOrchestrator.withInterceptedStreams(EngineExecutionOrchestrator.java:67)
	at org.junit.platform.launcher.core.EngineExecutionOrchestrator.execute(EngineExecutionOrchestrator.java:52)
	at org.junit.platform.launcher.core.DefaultLauncher.execute(DefaultLauncher.java:96)
	at org.junit.platform.launcher.core.DefaultLauncher.execute(DefaultLauncher.java:75)
	at org.gradle.api.internal.tasks.testing.junitplatform.JUnitPlatformTestClassProcessor$CollectAllTestClassesExecutor.processAllTestClasses(JUnitPlatformTestClassProcessor.java:99)
	at org.gradle.api.internal.tasks.testing.junitplatform.JUnitPlatformTestClassProcessor$CollectAllTestClassesExecutor.access$000(JUnitPlatformTestClassProcessor.java:79)
	at org.gradle.api.internal.tasks.testing.junitplatform.JUnitPlatformTestClassProcessor.stop(JUnitPlatformTestClassProcessor.java:75)
	at org.gradle.api.internal.tasks.testing.SuiteTestClassProcessor.stop(SuiteTestClassProcessor.java:61)
	at java.base/jdk.internal.reflect.NativeMethodAccessorImpl.invoke0(Native Method)
	at java.base/jdk.internal.reflect.NativeMethodAccessorImpl.invoke(NativeMethodAccessorImpl.java:78)
	at java.base/jdk.internal.reflect.DelegatingMethodAccessorImpl.invoke(DelegatingMethodAccessorImpl.java:43)
	at java.base/java.lang.reflect.Method.invoke(Method.java:567)
	at org.gradle.internal.dispatch.ReflectionDispatch.dispatch(ReflectionDispatch.java:36)
	at org.gradle.internal.dispatch.ReflectionDispatch.dispatch(ReflectionDispatch.java:24)
	at org.gradle.internal.dispatch.ContextClassLoaderDispatch.dispatch(ContextClassLoaderDispatch.java:33)
	at org.gradle.internal.dispatch.ProxyDispatchAdapter$DispatchingInvocationHandler.invoke(ProxyDispatchAdapter.java:94)
	at jdk.proxy1/jdk.proxy1.$Proxy2.stop(Unknown Source)
	at org.gradle.api.internal.tasks.testing.worker.TestWorker.stop(TestWorker.java:135)
	at java.base/jdk.internal.reflect.NativeMethodAccessorImpl.invoke0(Native Method)
	at java.base/jdk.internal.reflect.NativeMethodAccessorImpl.invoke(NativeMethodAccessorImpl.java:78)
	at java.base/jdk.internal.reflect.DelegatingMethodAccessorImpl.invoke(DelegatingMethodAccessorImpl.java:43)
	at java.base/java.lang.reflect.Method.invoke(Method.java:567)
	at org.gradle.internal.dispatch.ReflectionDispatch.dispatch(ReflectionDispatch.java:36)
	at org.gradle.internal.dispatch.ReflectionDispatch.dispatch(ReflectionDispatch.java:24)
	at org.gradle.internal.remote.internal.hub.MessageHubBackedObjectConnection$DispatchWrapper.dispatch(MessageHubBackedObjectConnection.java:182)
	at org.gradle.internal.remote.internal.hub.MessageHubBackedObjectConnection$DispatchWrapper.dispatch(MessageHubBackedObjectConnection.java:164)
	at org.gradle.internal.remote.internal.hub.MessageHub$Handler.run(MessageHub.java:414)
	at org.gradle.internal.concurrent.ExecutorPolicy$CatchAndRecordFailures.onExecute(ExecutorPolicy.java:64)
	at org.gradle.internal.concurrent.ManagedExecutorImpl$1.run(ManagedExecutorImpl.java:48)
	at java.base/java.util.concurrent.ThreadPoolExecutor.runWorker(ThreadPoolExecutor.java:1130)
	at java.base/java.util.concurrent.ThreadPoolExecutor$Worker.run(ThreadPoolExecutor.java:630)
	at org.gradle.internal.concurrent.ThreadFactoryImpl$ManagedThreadRunnable.run(ThreadFactoryImpl.java:56)
	at java.base/java.lang.Thread.run(Thread.java:831)
04-04-2022 19:28:52  INFO [Test worker] (CommandsUnitTest.java:63) - TEST: wrongLoadFileTest - COMPLETED
04-04-2022 19:28:52  INFO [Test worker] (CommandFabric.java:48) - 'LOAD' CLASS WAS UPLOADED
src\test\resources\loadableFile1.txt
04-04-2022 19:28:52  INFO [Test worker] (CommandFabric.java:48) - '+' CLASS WAS UPLOADED
04-04-2022 19:28:52  INFO [Test worker] (CommandsUnitTest.java:45) - TEST: loadFileTest - COMPLETED
04-04-2022 19:28:52  INFO [Test worker] (CommandFabric.java:48) - 'PUSH' CLASS WAS UPLOADED
04-04-2022 19:28:52  INFO [Test worker] (CommandFabric.java:48) - '+' CLASS WAS UPLOADED
04-04-2022 19:28:52  INFO [Test worker] (CommandFabric.java:48) - '*' CLASS WAS UPLOADED
04-04-2022 19:28:52  INFO [Test worker] (CommandsUnitTest.java:18) - TEST: commentsTest - COMPLETED
04-04-2022 19:28:52  INFO [Test worker] (CommandFabric.java:48) - 'PUSH' CLASS WAS UPLOADED
04-04-2022 19:28:52  INFO [Test worker] (CommandFabric.java:48) - 'LOAD' CLASS WAS UPLOADED
src\test\resources\wrongLoadableFile.txt
04-04-2022 19:28:52  INFO [Test worker] (Calculator.java:146) - FILE SHOULD CONTAIN ONLY NUMBERS
2
04-04-2022 19:28:52  INFO [Test worker] (CommandsUnitTest.java:54) - TEST: loadFileMistakesTest - COMPLETED
]]></system-out>
  <system-err><![CDATA[]]></system-err>
</testsuite>
